{"meta": {"format": 3, "version": "7.11.0", "timestamp": "2025-11-11T01:42:09.387296", "branch_coverage": true, "show_contexts": false}, "files": {"solutions/GPT_CoT.py": {"executed_lines": [1, 2, 3, 4, 6, 28, 29, 30, 31, 32, 33, 34, 35, 36, 37, 38, 42, 43, 44, 45, 46, 47, 48, 50, 51, 52, 53, 54, 56, 84, 96, 113, 125, 161, 205, 272, 282, 293, 305, 311, 320, 324, 352, 374, 396, 413, 444, 461, 477, 500, 524, 546, 584, 610, 622, 636], "summary": {"covered_lines": 56, "num_statements": 596, "percent_covered": 7.710280373831775, "percent_covered_display": "8", "missing_lines": 540, "excluded_lines": 0, "num_branches": 260, "num_partial_branches": 2, "covered_branches": 10, "missing_branches": 250}, "missing_lines": [7, 8, 9, 10, 11, 12, 13, 14, 15, 17, 18, 19, 20, 22, 23, 24, 25, 26, 40, 57, 58, 59, 60, 61, 62, 63, 64, 65, 66, 67, 69, 70, 71, 72, 73, 74, 75, 77, 78, 79, 80, 81, 82, 85, 86, 87, 88, 89, 90, 91, 92, 93, 94, 97, 98, 99, 100, 101, 102, 103, 104, 105, 106, 107, 108, 109, 110, 111, 114, 115, 116, 117, 118, 119, 120, 121, 122, 123, 126, 127, 128, 129, 130, 131, 132, 133, 134, 135, 136, 137, 138, 139, 140, 141, 142, 143, 144, 145, 146, 147, 148, 149, 150, 151, 152, 153, 154, 155, 156, 157, 158, 159, 162, 163, 164, 165, 166, 167, 168, 169, 170, 171, 172, 173, 174, 175, 176, 177, 178, 179, 180, 181, 182, 183, 184, 185, 186, 187, 188, 189, 191, 192, 193, 194, 195, 196, 197, 198, 199, 200, 202, 203, 206, 207, 208, 209, 210, 211, 212, 213, 214, 215, 216, 217, 218, 219, 220, 221, 222, 223, 224, 226, 227, 228, 230, 231, 232, 233, 234, 235, 236, 237, 238, 239, 240, 241, 242, 243, 244, 245, 246, 247, 248, 249, 250, 251, 252, 253, 254, 255, 256, 257, 258, 259, 260, 261, 262, 263, 264, 265, 266, 267, 269, 270, 273, 274, 275, 276, 277, 278, 279, 280, 283, 284, 285, 286, 287, 288, 289, 290, 291, 294, 295, 296, 297, 298, 299, 300, 301, 302, 303, 306, 307, 308, 309, 312, 313, 314, 315, 316, 317, 318, 321, 322, 325, 326, 327, 328, 329, 330, 331, 332, 333, 334, 335, 336, 337, 338, 339, 340, 341, 342, 343, 345, 346, 347, 348, 349, 350, 353, 354, 355, 356, 357, 358, 359, 360, 361, 362, 363, 364, 365, 366, 367, 368, 369, 370, 371, 372, 375, 376, 377, 378, 379, 380, 381, 382, 383, 384, 385, 386, 387, 388, 389, 391, 392, 393, 394, 397, 398, 399, 400, 401, 402, 403, 404, 405, 406, 407, 408, 409, 410, 411, 414, 415, 416, 417, 418, 419, 420, 421, 422, 423, 424, 425, 426, 427, 428, 429, 430, 431, 432, 433, 434, 435, 436, 437, 438, 439, 440, 441, 442, 445, 446, 447, 448, 449, 450, 451, 452, 453, 454, 455, 456, 457, 458, 459, 462, 463, 464, 465, 466, 467, 468, 469, 470, 471, 472, 474, 475, 478, 479, 480, 481, 482, 483, 484, 485, 486, 487, 489, 490, 491, 493, 495, 496, 497, 498, 501, 502, 503, 504, 505, 506, 507, 508, 509, 510, 511, 513, 514, 515, 517, 519, 520, 521, 522, 525, 526, 527, 528, 529, 530, 531, 532, 533, 534, 535, 536, 537, 538, 539, 540, 541, 542, 543, 544, 547, 548, 549, 550, 551, 552, 553, 554, 555, 556, 557, 558, 559, 560, 561, 562, 563, 564, 565, 566, 567, 568, 569, 571, 572, 573, 574, 575, 576, 577, 578, 579, 580, 581, 582, 585, 586, 587, 588, 589, 590, 591, 592, 593, 594, 595, 596, 597, 598, 599, 600, 601, 602, 603, 604, 605, 606, 607, 608, 611, 612, 613, 614, 615, 616, 617, 618, 619, 620, 623, 624, 625, 626, 627, 628, 629, 630, 631, 632, 633, 634, 637, 638, 639, 640, 641, 642, 643, 644, 645, 646, 647, 648], "excluded_lines": [], "executed_branches": [[32, 33], [32, 53], [36, 37], [36, 42], [37, 38], [44, 45], [44, 52], [46, 47], [46, 50], [47, 48]], "missing_branches": [[11, 12], [11, 24], [14, 15], [14, 17], [18, 19], [18, 22], [24, 25], [24, 26], [37, 40], [47, 52], [62, 63], [62, 80], [65, 66], [65, 69], [70, 71], [70, 77], [74, 62], [74, 75], [80, 81], [80, 82], [89, 90], [89, 91], [91, 92], [91, 94], [92, 91], [92, 93], [101, 102], [101, 103], [103, 104], [103, 111], [104, 103], [104, 105], [106, 107], [106, 110], [107, 106], [107, 108], [109, 106], [109, 110], [119, 120], [119, 123], [121, 119], [121, 122], [135, 136], [135, 138], [139, 140], [139, 141], [145, 146], [145, 153], [146, 147], [146, 149], [154, -125], [154, 155], [156, 157], [156, 159], [157, 156], [157, 158], [168, 169], [168, 171], [173, 174], [173, 177], [184, 185], [184, 192], [186, 187], [186, 191], [188, 184], [188, 189], [195, 196], [195, 203], [198, 199], [198, 202], [220, 221], [220, 223], [223, 224], [223, 226], [227, 228], [227, 230], [235, 236], [235, 238], [242, -240], [242, 243], [247, 248], [247, 250], [248, 247], [248, 249], [251, 252], [251, 254], [252, 251], [252, 253], [254, 255], [254, 256], [259, 260], [259, 270], [260, 261], [260, 269], [261, 260], [261, 262], [263, 260], [263, 264], [276, 277], [276, 280], [287, 288], [287, 291], [298, 299], [298, 303], [307, -305], [307, 308], [315, 316], [315, 318], [328, 329], [328, 331], [339, 340], [339, 345], [340, 341], [340, 342], [342, 343], [342, 349], [345, 346], [345, 347], [347, 348], [347, 349], [356, 357], [356, 359], [367, 368], [367, 369], [369, 370], [369, 371], [378, 379], [378, 381], [386, 387], [386, 388], [388, 389], [388, 391], [391, 392], [391, 393], [403, 404], [403, 405], [406, 407], [406, 408], [409, 410], [409, 411], [420, 421], [420, 423], [423, 424], [423, 425], [426, 427], [426, 429], [429, 430], [429, 431], [434, 435], [434, 442], [437, 438], [437, 441], [438, 439], [438, 440], [450, 451], [450, 459], [452, 453], [452, 458], [453, 454], [453, 458], [454, 452], [454, 455], [455, 454], [455, 456], [466, 467], [466, 468], [468, 469], [468, 475], [471, 472], [471, 474], [484, 485], [484, 498], [486, 487], [486, 493], [487, 484], [487, 489], [493, 484], [493, 495], [508, 509], [508, 522], [510, 511], [510, 517], [511, 508], [511, 513], [517, 508], [517, 519], [530, -524], [530, 531], [533, 534], [533, 544], [536, 533], [536, 537], [540, 536], [540, 541], [541, -524], [541, 542], [552, -546], [552, 553], [557, 558], [557, 582], [558, 559], [558, 571], [559, 557], [559, 560], [562, 559], [562, 563], [566, 562], [566, 567], [567, -546], [567, 568], [571, 557], [571, 572], [574, 571], [574, 575], [578, 574], [578, 579], [579, -546], [579, 580], [590, -584], [590, 591], [596, 597], [596, 608], [598, -584], [598, 599], [599, 596], [599, 600], [600, 596], [600, 601], [605, 600], [605, 606], [614, -610], [614, 615], [617, 618], [617, 620], [618, -610], [618, 619], [627, -622], [627, 628], [629, -622], [629, 630], [631, 632], [631, 634], [632, -622], [632, 633], [642, 643], [642, 648], [645, 642], [645, 646], [646, -636], [646, 647]], "functions": {"solve_1079_v1": {"executed_lines": [], "summary": {"covered_lines": 0, "num_statements": 18, "percent_covered": 0.0, "percent_covered_display": "0", "missing_lines": 18, "excluded_lines": 0, "num_branches": 8, "num_partial_branches": 0, "covered_branches": 0, "missing_branches": 8}, "missing_lines": [7, 8, 9, 10, 11, 12, 13, 14, 15, 17, 18, 19, 20, 22, 23, 24, 25, 26], "excluded_lines": [], "executed_branches": [], "missing_branches": [[11, 12], [11, 24], [14, 15], [14, 17], [18, 19], [18, 22], [24, 25], [24, 26]]}, "solve_1079_v2": {"executed_lines": [29, 30, 31, 32, 33, 34, 35, 36, 37, 38, 42, 43, 44, 45, 46, 47, 48, 50, 51, 52, 53, 54], "summary": {"covered_lines": 22, "num_statements": 23, "percent_covered": 91.42857142857143, "percent_covered_display": "91", "missing_lines": 1, "excluded_lines": 0, "num_branches": 12, "num_partial_branches": 2, "covered_branches": 10, "missing_branches": 2}, "missing_lines": [40], "excluded_lines": [], "executed_branches": [[32, 33], [32, 53], [36, 37], [36, 42], [37, 38], [44, 45], [44, 52], [46, 47], [46, 50], [47, 48]], "missing_branches": [[37, 40], [47, 52]]}, "solve_1079_v3": {"executed_lines": [], "summary": {"covered_lines": 0, "num_statements": 24, "percent_covered": 0.0, "percent_covered_display": "0", "missing_lines": 24, "excluded_lines": 0, "num_branches": 10, "num_partial_branches": 0, "covered_branches": 0, "missing_branches": 10}, "missing_lines": [57, 58, 59, 60, 61, 62, 63, 64, 65, 66, 67, 69, 70, 71, 72, 73, 74, 75, 77, 78, 79, 80, 81, 82], "excluded_lines": [], "executed_branches": [], "missing_branches": [[62, 63], [62, 80], [65, 66], [65, 69], [70, 71], [70, 77], [74, 62], [74, 75], [80, 81], [80, 82]]}, "solve_771_v1": {"executed_lines": [], "summary": {"covered_lines": 0, "num_statements": 10, "percent_covered": 0.0, "percent_covered_display": "0", "missing_lines": 10, "excluded_lines": 0, "num_branches": 6, "num_partial_branches": 0, "covered_branches": 0, "missing_branches": 6}, "missing_lines": [85, 86, 87, 88, 89, 90, 91, 92, 93, 94], "excluded_lines": [], "executed_branches": [], "missing_branches": [[89, 90], [89, 91], [91, 92], [91, 94], [92, 91], [92, 93]]}, "solve_771_v2": {"executed_lines": [], "summary": {"covered_lines": 0, "num_statements": 15, "percent_covered": 0.0, "percent_covered_display": "0", "missing_lines": 15, "excluded_lines": 0, "num_branches": 12, "num_partial_branches": 0, "covered_branches": 0, "missing_branches": 12}, "missing_lines": [97, 98, 99, 100, 101, 102, 103, 104, 105, 106, 107, 108, 109, 110, 111], "excluded_lines": [], "executed_branches": [], "missing_branches": [[101, 102], [101, 103], [103, 104], [103, 111], [104, 103], [104, 105], [106, 107], [106, 110], [107, 106], [107, 108], [109, 106], [109, 110]]}, "solve_771_v3": {"executed_lines": [], "summary": {"covered_lines": 0, "num_statements": 10, "percent_covered": 0.0, "percent_covered_display": "0", "missing_lines": 10, "excluded_lines": 0, "num_branches": 4, "num_partial_branches": 0, "covered_branches": 0, "missing_branches": 4}, "missing_lines": [114, 115, 116, 117, 118, 119, 120, 121, 122, 123], "excluded_lines": [], "executed_branches": [], "missing_branches": [[119, 120], [119, 123], [121, 119], [121, 122]]}, "solve_3040_v1": {"executed_lines": [], "summary": {"covered_lines": 0, "num_statements": 34, "percent_covered": 0.0, "percent_covered_display": "0", "missing_lines": 34, "excluded_lines": 0, "num_branches": 14, "num_partial_branches": 0, "covered_branches": 0, "missing_branches": 14}, "missing_lines": [126, 127, 128, 129, 130, 131, 132, 133, 134, 135, 136, 137, 138, 139, 140, 141, 142, 143, 144, 145, 146, 147, 148, 149, 150, 151, 152, 153, 154, 155, 156, 157, 158, 159], "excluded_lines": [], "executed_branches": [], "missing_branches": [[135, 136], [135, 138], [139, 140], [139, 141], [145, 146], [145, 153], [146, 147], [146, 149], [154, -125], [154, 155], [156, 157], [156, 159], [157, 156], [157, 158]]}, "solve_3040_v2": {"executed_lines": [], "summary": {"covered_lines": 0, "num_statements": 27, "percent_covered": 0.0, "percent_covered_display": "0", "missing_lines": 27, "excluded_lines": 0, "num_branches": 8, "num_partial_branches": 0, "covered_branches": 0, "missing_branches": 8}, "missing_lines": [162, 163, 164, 165, 166, 167, 168, 169, 170, 171, 172, 173, 174, 175, 176, 177, 181, 193, 194, 195, 196, 197, 198, 199, 200, 202, 203], "excluded_lines": [], "executed_branches": [], "missing_branches": [[168, 169], [168, 171], [173, 174], [173, 177], [195, 196], [195, 203], [198, 199], [198, 202]]}, "solve_3040_v2.get": {"executed_lines": [], "summary": {"covered_lines": 0, "num_statements": 3, "percent_covered": 0.0, "percent_covered_display": "0", "missing_lines": 3, "excluded_lines": 0, "num_branches": 0, "num_partial_branches": 0, "covered_branches": 0, "missing_branches": 0}, "missing_lines": [178, 179, 180], "excluded_lines": [], "executed_branches": [], "missing_branches": []}, "solve_3040_v2.exists": {"executed_lines": [], "summary": {"covered_lines": 0, "num_statements": 10, "percent_covered": 0.0, "percent_covered_display": "0", "missing_lines": 10, "excluded_lines": 0, "num_branches": 6, "num_partial_branches": 0, "covered_branches": 0, "missing_branches": 6}, "missing_lines": [182, 183, 184, 185, 186, 187, 188, 189, 191, 192], "excluded_lines": [], "executed_branches": [], "missing_branches": [[184, 185], [184, 192], [186, 187], [186, 191], [188, 184], [188, 189]]}, "solve_3040_v3": {"executed_lines": [], "summary": {"covered_lines": 0, "num_statements": 31, "percent_covered": 0.0, "percent_covered_display": "0", "missing_lines": 31, "excluded_lines": 0, "num_branches": 18, "num_partial_branches": 0, "covered_branches": 0, "missing_branches": 18}, "missing_lines": [206, 207, 208, 213, 240, 244, 245, 246, 247, 248, 249, 250, 251, 252, 253, 254, 255, 256, 257, 258, 259, 260, 261, 262, 263, 264, 265, 266, 267, 269, 270], "excluded_lines": [], "executed_branches": [], "missing_branches": [[247, 248], [247, 250], [248, 247], [248, 249], [251, 252], [251, 254], [252, 251], [252, 253], [254, 255], [254, 256], [259, 260], [259, 270], [260, 261], [260, 269], [261, 260], [261, 262], [263, 260], [263, 264]]}, "solve_3040_v3.SAM.__init__": {"executed_lines": [], "summary": {"covered_lines": 0, "num_statements": 4, "percent_covered": 0.0, "percent_covered_display": "0", "missing_lines": 4, "excluded_lines": 0, "num_branches": 0, "num_partial_branches": 0, "covered_branches": 0, "missing_branches": 0}, "missing_lines": [209, 210, 211, 212], "excluded_lines": [], "executed_branches": [], "missing_branches": []}, "solve_3040_v3.SAM.extend": {"executed_lines": [], "summary": {"covered_lines": 0, "num_statements": 24, "percent_covered": 0.0, "percent_covered_display": "0", "missing_lines": 24, "excluded_lines": 0, "num_branches": 8, "num_partial_branches": 0, "covered_branches": 0, "missing_branches": 8}, "missing_lines": [214, 215, 216, 217, 218, 219, 220, 221, 222, 223, 224, 226, 227, 228, 230, 231, 232, 233, 234, 235, 236, 237, 238, 239], "excluded_lines": [], "executed_branches": [], "missing_branches": [[220, 221], [220, 223], [223, 224], [223, 226], [227, 228], [227, 230], [235, 236], [235, 238]]}, "solve_3040_v3.SAM.build": {"executed_lines": [], "summary": {"covered_lines": 0, "num_statements": 3, "percent_covered": 0.0, "percent_covered_display": "0", "missing_lines": 3, "excluded_lines": 0, "num_branches": 2, "num_partial_branches": 0, "covered_branches": 0, "missing_branches": 2}, "missing_lines": [241, 242, 243], "excluded_lines": [], "executed_branches": [], "missing_branches": [[242, -240], [242, 243]]}, "solve_4655_v1": {"executed_lines": [], "summary": {"covered_lines": 0, "num_statements": 8, "percent_covered": 0.0, "percent_covered_display": "0", "missing_lines": 8, "excluded_lines": 0, "num_branches": 2, "num_partial_branches": 0, "covered_branches": 0, "missing_branches": 2}, "missing_lines": [273, 274, 275, 276, 277, 278, 279, 280], "excluded_lines": [], "executed_branches": [], "missing_branches": [[276, 277], [276, 280]]}, "solve_4655_v2": {"executed_lines": [], "summary": {"covered_lines": 0, "num_statements": 9, "percent_covered": 0.0, "percent_covered_display": "0", "missing_lines": 9, "excluded_lines": 0, "num_branches": 2, "num_partial_branches": 0, "covered_branches": 0, "missing_branches": 2}, "missing_lines": [283, 284, 285, 286, 287, 288, 289, 290, 291], "excluded_lines": [], "executed_branches": [], "missing_branches": [[287, 288], [287, 291]]}, "solve_4655_v3": {"executed_lines": [], "summary": {"covered_lines": 0, "num_statements": 10, "percent_covered": 0.0, "percent_covered_display": "0", "missing_lines": 10, "excluded_lines": 0, "num_branches": 2, "num_partial_branches": 0, "covered_branches": 0, "missing_branches": 2}, "missing_lines": [294, 295, 296, 297, 298, 299, 300, 301, 302, 303], "excluded_lines": [], "executed_branches": [], "missing_branches": [[298, 299], [298, 303]]}, "solve_4245_v1": {"executed_lines": [], "summary": {"covered_lines": 0, "num_statements": 4, "percent_covered": 0.0, "percent_covered_display": "0", "missing_lines": 4, "excluded_lines": 0, "num_branches": 2, "num_partial_branches": 0, "covered_branches": 0, "missing_branches": 2}, "missing_lines": [306, 307, 308, 309], "excluded_lines": [], "executed_branches": [], "missing_branches": [[307, -305], [307, 308]]}, "solve_4245_v2": {"executed_lines": [], "summary": {"covered_lines": 0, "num_statements": 7, "percent_covered": 0.0, "percent_covered_display": "0", "missing_lines": 7, "excluded_lines": 0, "num_branches": 2, "num_partial_branches": 0, "covered_branches": 0, "missing_branches": 2}, "missing_lines": [312, 313, 314, 315, 316, 317, 318], "excluded_lines": [], "executed_branches": [], "missing_branches": [[315, 316], [315, 318]]}, "solve_4245_v3": {"executed_lines": [], "summary": {"covered_lines": 0, "num_statements": 2, "percent_covered": 0.0, "percent_covered_display": "0", "missing_lines": 2, "excluded_lines": 0, "num_branches": 0, "num_partial_branches": 0, "covered_branches": 0, "missing_branches": 0}, "missing_lines": [321, 322], "excluded_lines": [], "executed_branches": [], "missing_branches": []}, "solve_747_v1": {"executed_lines": [], "summary": {"covered_lines": 0, "num_statements": 9, "percent_covered": 0.0, "percent_covered_display": "0", "missing_lines": 9, "excluded_lines": 0, "num_branches": 2, "num_partial_branches": 0, "covered_branches": 0, "missing_branches": 2}, "missing_lines": [325, 326, 327, 328, 329, 330, 331, 332, 350], "excluded_lines": [], "executed_branches": [], "missing_branches": [[328, 329], [328, 331]]}, "solve_747_v1.run": {"executed_lines": [], "summary": {"covered_lines": 0, "num_statements": 16, "percent_covered": 0.0, "percent_covered_display": "0", "missing_lines": 16, "excluded_lines": 0, "num_branches": 10, "num_partial_branches": 0, "covered_branches": 0, "missing_branches": 10}, "missing_lines": [333, 334, 335, 336, 337, 338, 339, 340, 341, 342, 343, 345, 346, 347, 348, 349], "excluded_lines": [], "executed_branches": [], "missing_branches": [[339, 340], [339, 345], [340, 341], [340, 342], [342, 343], [342, 349], [345, 346], [345, 347], [347, 348], [347, 349]]}, "solve_747_v2": {"executed_lines": [], "summary": {"covered_lines": 0, "num_statements": 9, "percent_covered": 0.0, "percent_covered_display": "0", "missing_lines": 9, "excluded_lines": 0, "num_branches": 2, "num_partial_branches": 0, "covered_branches": 0, "missing_branches": 2}, "missing_lines": [353, 354, 355, 356, 357, 358, 359, 360, 372], "excluded_lines": [], "executed_branches": [], "missing_branches": [[356, 357], [356, 359]]}, "solve_747_v2.simulate": {"executed_lines": [], "summary": {"covered_lines": 0, "num_statements": 11, "percent_covered": 0.0, "percent_covered_display": "0", "missing_lines": 11, "excluded_lines": 0, "num_branches": 4, "num_partial_branches": 0, "covered_branches": 0, "missing_branches": 4}, "missing_lines": [361, 362, 363, 364, 365, 366, 367, 368, 369, 370, 371], "excluded_lines": [], "executed_branches": [], "missing_branches": [[367, 368], [367, 369], [369, 370], [369, 371]]}, "solve_747_v3": {"executed_lines": [], "summary": {"covered_lines": 0, "num_statements": 9, "percent_covered": 0.0, "percent_covered_display": "0", "missing_lines": 9, "excluded_lines": 0, "num_branches": 2, "num_partial_branches": 0, "covered_branches": 0, "missing_branches": 2}, "missing_lines": [375, 376, 377, 378, 379, 380, 381, 382, 394], "excluded_lines": [], "executed_branches": [], "missing_branches": [[378, 379], [378, 381]]}, "solve_747_v3.go": {"executed_lines": [], "summary": {"covered_lines": 0, "num_statements": 10, "percent_covered": 0.0, "percent_covered_display": "0", "missing_lines": 10, "excluded_lines": 0, "num_branches": 6, "num_partial_branches": 0, "covered_branches": 0, "missing_branches": 6}, "missing_lines": [383, 384, 385, 386, 387, 388, 389, 391, 392, 393], "excluded_lines": [], "executed_branches": [], "missing_branches": [[386, 387], [386, 388], [388, 389], [388, 391], [391, 392], [391, 393]]}, "solve_1303_v1": {"executed_lines": [], "summary": {"covered_lines": 0, "num_statements": 15, "percent_covered": 0.0, "percent_covered_display": "0", "missing_lines": 15, "excluded_lines": 0, "num_branches": 6, "num_partial_branches": 0, "covered_branches": 0, "missing_branches": 6}, "missing_lines": [397, 398, 399, 400, 401, 402, 403, 404, 405, 406, 407, 408, 409, 410, 411], "excluded_lines": [], "executed_branches": [], "missing_branches": [[403, 404], [403, 405], [406, 407], [406, 408], [409, 410], [409, 411]]}, "solve_1303_v2": {"executed_lines": [], "summary": {"covered_lines": 0, "num_statements": 29, "percent_covered": 0.0, "percent_covered_display": "0", "missing_lines": 29, "excluded_lines": 0, "num_branches": 14, "num_partial_branches": 0, "covered_branches": 0, "missing_branches": 14}, "missing_lines": [414, 415, 416, 417, 418, 419, 420, 421, 422, 423, 424, 425, 426, 427, 428, 429, 430, 431, 432, 433, 434, 435, 436, 437, 438, 439, 440, 441, 442], "excluded_lines": [], "executed_branches": [], "missing_branches": [[420, 421], [420, 423], [423, 424], [423, 425], [426, 427], [426, 429], [429, 430], [429, 431], [434, 435], [434, 442], [437, 438], [437, 441], [438, 439], [438, 440]]}, "solve_1303_v3": {"executed_lines": [], "summary": {"covered_lines": 0, "num_statements": 15, "percent_covered": 0.0, "percent_covered_display": "0", "missing_lines": 15, "excluded_lines": 0, "num_branches": 10, "num_partial_branches": 0, "covered_branches": 0, "missing_branches": 10}, "missing_lines": [445, 446, 447, 448, 449, 450, 451, 452, 453, 454, 455, 456, 457, 458, 459], "excluded_lines": [], "executed_branches": [], "missing_branches": [[450, 451], [450, 459], [452, 453], [452, 458], [453, 454], [453, 458], [454, 452], [454, 455], [455, 454], [455, 456]]}, "solve_203_v1": {"executed_lines": [], "summary": {"covered_lines": 0, "num_statements": 13, "percent_covered": 0.0, "percent_covered_display": "0", "missing_lines": 13, "excluded_lines": 0, "num_branches": 6, "num_partial_branches": 0, "covered_branches": 0, "missing_branches": 6}, "missing_lines": [462, 463, 464, 465, 466, 467, 468, 469, 470, 471, 472, 474, 475], "excluded_lines": [], "executed_branches": [], "missing_branches": [[466, 467], [466, 468], [468, 469], [468, 475], [471, 472], [471, 474]]}, "solve_203_v2": {"executed_lines": [], "summary": {"covered_lines": 0, "num_statements": 18, "percent_covered": 0.0, "percent_covered_display": "0", "missing_lines": 18, "excluded_lines": 0, "num_branches": 8, "num_partial_branches": 0, "covered_branches": 0, "missing_branches": 8}, "missing_lines": [478, 479, 480, 481, 482, 483, 484, 485, 486, 487, 489, 490, 491, 493, 495, 496, 497, 498], "excluded_lines": [], "executed_branches": [], "missing_branches": [[484, 485], [484, 498], [486, 487], [486, 493], [487, 484], [487, 489], [493, 484], [493, 495]]}, "solve_203_v3": {"executed_lines": [], "summary": {"covered_lines": 0, "num_statements": 19, "percent_covered": 0.0, "percent_covered_display": "0", "missing_lines": 19, "excluded_lines": 0, "num_branches": 8, "num_partial_branches": 0, "covered_branches": 0, "missing_branches": 8}, "missing_lines": [501, 502, 503, 504, 505, 506, 507, 508, 509, 510, 511, 513, 514, 515, 517, 519, 520, 521, 522], "excluded_lines": [], "executed_branches": [], "missing_branches": [[508, 509], [508, 522], [510, 511], [510, 517], [511, 508], [511, 513], [517, 508], [517, 519]]}, "solve_3177_v1": {"executed_lines": [], "summary": {"covered_lines": 0, "num_statements": 20, "percent_covered": 0.0, "percent_covered_display": "0", "missing_lines": 20, "excluded_lines": 0, "num_branches": 10, "num_partial_branches": 0, "covered_branches": 0, "missing_branches": 10}, "missing_lines": [525, 526, 527, 528, 529, 530, 531, 532, 533, 534, 535, 536, 537, 538, 539, 540, 541, 542, 543, 544], "excluded_lines": [], "executed_branches": [], "missing_branches": [[530, -524], [530, 531], [533, 534], [533, 544], [536, 533], [536, 537], [540, 536], [540, 541], [541, -524], [541, 542]]}, "solve_3177_v2": {"executed_lines": [], "summary": {"covered_lines": 0, "num_statements": 35, "percent_covered": 0.0, "percent_covered_display": "0", "missing_lines": 35, "excluded_lines": 0, "num_branches": 22, "num_partial_branches": 0, "covered_branches": 0, "missing_branches": 22}, "missing_lines": [547, 548, 549, 550, 551, 552, 553, 554, 555, 556, 557, 558, 559, 560, 561, 562, 563, 564, 565, 566, 567, 568, 569, 571, 572, 573, 574, 575, 576, 577, 578, 579, 580, 581, 582], "excluded_lines": [], "executed_branches": [], "missing_branches": [[552, -546], [552, 553], [557, 558], [557, 582], [558, 559], [558, 571], [559, 557], [559, 560], [562, 559], [562, 563], [566, 562], [566, 567], [567, -546], [567, 568], [571, 557], [571, 572], [574, 571], [574, 575], [578, 574], [578, 579], [579, -546], [579, 580]]}, "solve_3177_v3": {"executed_lines": [], "summary": {"covered_lines": 0, "num_statements": 23, "percent_covered": 0.0, "percent_covered_display": "0", "missing_lines": 23, "excluded_lines": 0, "num_branches": 12, "num_partial_branches": 0, "covered_branches": 0, "missing_branches": 12}, "missing_lines": [585, 586, 587, 588, 589, 590, 591, 592, 594, 595, 596, 597, 598, 599, 600, 601, 602, 603, 604, 605, 606, 607, 608], "excluded_lines": [], "executed_branches": [], "missing_branches": [[590, -584], [590, 591], [596, 597], [596, 608], [598, -584], [598, 599], [599, 596], [599, 600], [600, 596], [600, 601], [605, 600], [605, 606]]}, "solve_3177_v3.h": {"executed_lines": [], "summary": {"covered_lines": 0, "num_statements": 1, "percent_covered": 0.0, "percent_covered_display": "0", "missing_lines": 1, "excluded_lines": 0, "num_branches": 0, "num_partial_branches": 0, "covered_branches": 0, "missing_branches": 0}, "missing_lines": [593], "excluded_lines": [], "executed_branches": [], "missing_branches": []}, "solve_4559_v1": {"executed_lines": [], "summary": {"covered_lines": 0, "num_statements": 10, "percent_covered": 0.0, "percent_covered_display": "0", "missing_lines": 10, "excluded_lines": 0, "num_branches": 6, "num_partial_branches": 0, "covered_branches": 0, "missing_branches": 6}, "missing_lines": [611, 612, 613, 614, 615, 616, 617, 618, 619, 620], "excluded_lines": [], "executed_branches": [], "missing_branches": [[614, -610], [614, 615], [617, 618], [617, 620], [618, -610], [618, 619]]}, "solve_4559_v2": {"executed_lines": [], "summary": {"covered_lines": 0, "num_statements": 12, "percent_covered": 0.0, "percent_covered_display": "0", "missing_lines": 12, "excluded_lines": 0, "num_branches": 8, "num_partial_branches": 0, "covered_branches": 0, "missing_branches": 8}, "missing_lines": [623, 624, 625, 626, 627, 628, 629, 630, 631, 632, 633, 634], "excluded_lines": [], "executed_branches": [], "missing_branches": [[627, -622], [627, 628], [629, -622], [629, 630], [631, 632], [631, 634], [632, -622], [632, 633]]}, "solve_4559_v3": {"executed_lines": [], "summary": {"covered_lines": 0, "num_statements": 12, "percent_covered": 0.0, "percent_covered_display": "0", "missing_lines": 12, "excluded_lines": 0, "num_branches": 6, "num_partial_branches": 0, "covered_branches": 0, "missing_branches": 6}, "missing_lines": [637, 638, 639, 640, 641, 642, 643, 644, 645, 646, 647, 648], "excluded_lines": [], "executed_branches": [], "missing_branches": [[642, 643], [642, 648], [645, 642], [645, 646], [646, -636], [646, 647]]}, "": {"executed_lines": [1, 2, 3, 4, 6, 28, 56, 84, 96, 113, 125, 161, 205, 272, 282, 293, 305, 311, 320, 324, 352, 374, 396, 413, 444, 461, 477, 500, 524, 546, 584, 610, 622, 636], "summary": {"covered_lines": 34, "num_statements": 34, "percent_covered": 100.0, "percent_covered_display": "100", "missing_lines": 0, "excluded_lines": 0, "num_branches": 0, "num_partial_branches": 0, "covered_branches": 0, "missing_branches": 0}, "missing_lines": [], "excluded_lines": [], "executed_branches": [], "missing_branches": []}}, "classes": {"solve_3040_v3.SAM": {"executed_lines": [], "summary": {"covered_lines": 0, "num_statements": 31, "percent_covered": 0.0, "percent_covered_display": "0", "missing_lines": 31, "excluded_lines": 0, "num_branches": 10, "num_partial_branches": 0, "covered_branches": 0, "missing_branches": 10}, "missing_lines": [209, 210, 211, 212, 214, 215, 216, 217, 218, 219, 220, 221, 222, 223, 224, 226, 227, 228, 230, 231, 232, 233, 234, 235, 236, 237, 238, 239, 241, 242, 243], "excluded_lines": [], "executed_branches": [], "missing_branches": [[220, 221], [220, 223], [223, 224], [223, 226], [227, 228], [227, 230], [235, 236], [235, 238], [242, -240], [242, 243]]}, "": {"executed_lines": [1, 2, 3, 4, 6, 28, 29, 30, 31, 32, 33, 34, 35, 36, 37, 38, 42, 43, 44, 45, 46, 47, 48, 50, 51, 52, 53, 54, 56, 84, 96, 113, 125, 161, 205, 272, 282, 293, 305, 311, 320, 324, 352, 374, 396, 413, 444, 461, 477, 500, 524, 546, 584, 610, 622, 636], "summary": {"covered_lines": 56, "num_statements": 565, "percent_covered": 8.098159509202453, "percent_covered_display": "8", "missing_lines": 509, "excluded_lines": 0, "num_branches": 250, "num_partial_branches": 2, "covered_branches": 10, "missing_branches": 240}, "missing_lines": [7, 8, 9, 10, 11, 12, 13, 14, 15, 17, 18, 19, 20, 22, 23, 24, 25, 26, 40, 57, 58, 59, 60, 61, 62, 63, 64, 65, 66, 67, 69, 70, 71, 72, 73, 74, 75, 77, 78, 79, 80, 81, 82, 85, 86, 87, 88, 89, 90, 91, 92, 93, 94, 97, 98, 99, 100, 101, 102, 103, 104, 105, 106, 107, 108, 109, 110, 111, 114, 115, 116, 117, 118, 119, 120, 121, 122, 123, 126, 127, 128, 129, 130, 131, 132, 133, 134, 135, 136, 137, 138, 139, 140, 141, 142, 143, 144, 145, 146, 147, 148, 149, 150, 151, 152, 153, 154, 155, 156, 157, 158, 159, 162, 163, 164, 165, 166, 167, 168, 169, 170, 171, 172, 173, 174, 175, 176, 177, 178, 179, 180, 181, 182, 183, 184, 185, 186, 187, 188, 189, 191, 192, 193, 194, 195, 196, 197, 198, 199, 200, 202, 203, 206, 207, 208, 213, 240, 244, 245, 246, 247, 248, 249, 250, 251, 252, 253, 254, 255, 256, 257, 258, 259, 260, 261, 262, 263, 264, 265, 266, 267, 269, 270, 273, 274, 275, 276, 277, 278, 279, 280, 283, 284, 285, 286, 287, 288, 289, 290, 291, 294, 295, 296, 297, 298, 299, 300, 301, 302, 303, 306, 307, 308, 309, 312, 313, 314, 315, 316, 317, 318, 321, 322, 325, 326, 327, 328, 329, 330, 331, 332, 333, 334, 335, 336, 337, 338, 339, 340, 341, 342, 343, 345, 346, 347, 348, 349, 350, 353, 354, 355, 356, 357, 358, 359, 360, 361, 362, 363, 364, 365, 366, 367, 368, 369, 370, 371, 372, 375, 376, 377, 378, 379, 380, 381, 382, 383, 384, 385, 386, 387, 388, 389, 391, 392, 393, 394, 397, 398, 399, 400, 401, 402, 403, 404, 405, 406, 407, 408, 409, 410, 411, 414, 415, 416, 417, 418, 419, 420, 421, 422, 423, 424, 425, 426, 427, 428, 429, 430, 431, 432, 433, 434, 435, 436, 437, 438, 439, 440, 441, 442, 445, 446, 447, 448, 449, 450, 451, 452, 453, 454, 455, 456, 457, 458, 459, 462, 463, 464, 465, 466, 467, 468, 469, 470, 471, 472, 474, 475, 478, 479, 480, 481, 482, 483, 484, 485, 486, 487, 489, 490, 491, 493, 495, 496, 497, 498, 501, 502, 503, 504, 505, 506, 507, 508, 509, 510, 511, 513, 514, 515, 517, 519, 520, 521, 522, 525, 526, 527, 528, 529, 530, 531, 532, 533, 534, 535, 536, 537, 538, 539, 540, 541, 542, 543, 544, 547, 548, 549, 550, 551, 552, 553, 554, 555, 556, 557, 558, 559, 560, 561, 562, 563, 564, 565, 566, 567, 568, 569, 571, 572, 573, 574, 575, 576, 577, 578, 579, 580, 581, 582, 585, 586, 587, 588, 589, 590, 591, 592, 593, 594, 595, 596, 597, 598, 599, 600, 601, 602, 603, 604, 605, 606, 607, 608, 611, 612, 613, 614, 615, 616, 617, 618, 619, 620, 623, 624, 625, 626, 627, 628, 629, 630, 631, 632, 633, 634, 637, 638, 639, 640, 641, 642, 643, 644, 645, 646, 647, 648], "excluded_lines": [], "executed_branches": [[32, 33], [32, 53], [36, 37], [36, 42], [37, 38], [44, 45], [44, 52], [46, 47], [46, 50], [47, 48]], "missing_branches": [[11, 12], [11, 24], [14, 15], [14, 17], [18, 19], [18, 22], [24, 25], [24, 26], [37, 40], [47, 52], [62, 63], [62, 80], [65, 66], [65, 69], [70, 71], [70, 77], [74, 62], [74, 75], [80, 81], [80, 82], [89, 90], [89, 91], [91, 92], [91, 94], [92, 91], [92, 93], [101, 102], [101, 103], [103, 104], [103, 111], [104, 103], [104, 105], [106, 107], [106, 110], [107, 106], [107, 108], [109, 106], [109, 110], [119, 120], [119, 123], [121, 119], [121, 122], [135, 136], [135, 138], [139, 140], [139, 141], [145, 146], [145, 153], [146, 147], [146, 149], [154, -125], [154, 155], [156, 157], [156, 159], [157, 156], [157, 158], [168, 169], [168, 171], [173, 174], [173, 177], [184, 185], [184, 192], [186, 187], [186, 191], [188, 184], [188, 189], [195, 196], [195, 203], [198, 199], [198, 202], [247, 248], [247, 250], [248, 247], [248, 249], [251, 252], [251, 254], [252, 251], [252, 253], [254, 255], [254, 256], [259, 260], [259, 270], [260, 261], [260, 269], [261, 260], [261, 262], [263, 260], [263, 264], [276, 277], [276, 280], [287, 288], [287, 291], [298, 299], [298, 303], [307, -305], [307, 308], [315, 316], [315, 318], [328, 329], [328, 331], [339, 340], [339, 345], [340, 341], [340, 342], [342, 343], [342, 349], [345, 346], [345, 347], [347, 348], [347, 349], [356, 357], [356, 359], [367, 368], [367, 369], [369, 370], [369, 371], [378, 379], [378, 381], [386, 387], [386, 388], [388, 389], [388, 391], [391, 392], [391, 393], [403, 404], [403, 405], [406, 407], [406, 408], [409, 410], [409, 411], [420, 421], [420, 423], [423, 424], [423, 425], [426, 427], [426, 429], [429, 430], [429, 431], [434, 435], [434, 442], [437, 438], [437, 441], [438, 439], [438, 440], [450, 451], [450, 459], [452, 453], [452, 458], [453, 454], [453, 458], [454, 452], [454, 455], [455, 454], [455, 456], [466, 467], [466, 468], [468, 469], [468, 475], [471, 472], [471, 474], [484, 485], [484, 498], [486, 487], [486, 493], [487, 484], [487, 489], [493, 484], [493, 495], [508, 509], [508, 522], [510, 511], [510, 517], [511, 508], [511, 513], [517, 508], [517, 519], [530, -524], [530, 531], [533, 534], [533, 544], [536, 533], [536, 537], [540, 536], [540, 541], [541, -524], [541, 542], [552, -546], [552, 553], [557, 558], [557, 582], [558, 559], [558, 571], [559, 557], [559, 560], [562, 559], [562, 563], [566, 562], [566, 567], [567, -546], [567, 568], [571, 557], [571, 572], [574, 571], [574, 575], [578, 574], [578, 579], [579, -546], [579, 580], [590, -584], [590, 591], [596, 597], [596, 608], [598, -584], [598, 599], [599, 596], [599, 600], [600, 596], [600, 601], [605, 600], [605, 606], [614, -610], [614, 615], [617, 618], [617, 620], [618, -610], [618, 619], [627, -622], [627, 628], [629, -622], [629, 630], [631, 632], [631, 634], [632, -622], [632, 633], [642, 643], [642, 648], [645, 642], [645, 646], [646, -636], [646, 647]]}}}}, "totals": {"covered_lines": 56, "num_statements": 596, "percent_covered": 7.710280373831775, "percent_covered_display": "8", "missing_lines": 540, "excluded_lines": 0, "num_branches": 260, "num_partial_branches": 2, "covered_branches": 10, "missing_branches": 250}}